# JRE version: OpenJDK Runtime Environment (21.0.5) (build 21.0.5+-13047016-b750.29)
# Java VM: OpenJDK 64-Bit Server VM (21.0.5+-13047016-b750.29, mixed mode, tiered, compressed oops, compressed class ptrs, g1 gc, windows-amd64)
GC Precious Log:
 CardTable entry size: 512
 Card Set container configuration: InlinePtr #cards 5 size 8 Array Of Cards #cards 12 size 40 Howl #buckets 4 coarsen threshold 1843 Howl Bitmap #cards 512 size 80 coarsen threshold 460 Card regions per heap region 1 cards per card region 2048
 CPUs: 8 total, 8 available
 Memory: 11930M
 Large Page Support: Disabled
 NUMA Support: Disabled
 Compressed Oops: Enabled (32-bit)
 Heap Region Size: 1M
 Heap Min Capacity: 8M
 Heap Initial Capacity: 188M
 Heap Max Capacity: 2G
 Pre-touch: Disabled
 Parallel Workers: 8
 Concurrent Workers: 2
 Concurrent Refinement Workers: 8
 Periodic GC: Disabled
Heap:
 garbage-first heap   total 82944K, used 46720K [0x0000000080000000, 0x0000000100000000)
  region size 1024K, 6 young (6144K), 4 survivors (4096K)
 Metaspace       used 45355K, committed 46528K, reserved 1114112K
  class space    used 6198K, committed 6784K, reserved 1048576K
GC Heap History (20 events):
Event: 0.393 GC heap before
{Heap before GC invocations=0 (full 0):
 garbage-first heap   total 192512K, used 26624K [0x0000000080000000, 0x0000000100000000)
  region size 1024K, 23 young (23552K), 0 survivors (0K)
 Metaspace       used 10811K, committed 11008K, reserved 1114112K
  class space    used 1124K, committed 1216K, reserved 1048576K
}
Event: 0.397 GC heap after
{Heap after GC invocations=1 (full 0):
 garbage-first heap   total 192512K, used 10228K [0x0000000080000000, 0x0000000100000000)
  region size 1024K, 3 young (3072K), 3 survivors (3072K)
 Metaspace       used 10811K, committed 11008K, reserved 1114112K
  class space    used 1124K, committed 1216K, reserved 1048576K
}
Event: 0.616 GC heap before
{Heap before GC invocations=1 (full 0):
 garbage-first heap   total 192512K, used 39924K [0x0000000080000000, 0x0000000100000000)
  region size 1024K, 32 young (32768K), 3 survivors (3072K)
 Metaspace       used 11931K, committed 12032K, reserved 1114112K
  class space    used 1239K, committed 1280K, reserved 1048576K
}
Event: 0.619 GC heap after
{Heap after GC invocations=2 (full 0):
 garbage-first heap   total 192512K, used 14559K [0x0000000080000000, 0x0000000100000000)
  region size 1024K, 4 young (4096K), 4 survivors (4096K)
 Metaspace       used 11931K, committed 12032K, reserved 1114112K
  class space    used 1239K, committed 1280K, reserved 1048576K
}
Event: 1.037 GC heap before
{Heap before GC invocations=2 (full 0):
 garbage-first heap   total 192512K, used 50399K [0x0000000080000000, 0x0000000100000000)
  region size 1024K, 40 young (40960K), 4 survivors (4096K)
 Metaspace       used 21211K, committed 21504K, reserved 1114112K
  class space    used 2451K, committed 2560K, reserved 1048576K
}
Event: 1.041 GC heap after
{Heap after GC invocations=3 (full 0):
 garbage-first heap   total 192512K, used 19373K [0x0000000080000000, 0x0000000100000000)
  region size 1024K, 9 young (9216K), 9 survivors (9216K)
 Metaspace       used 21211K, committed 21504K, reserved 1114112K
  class space    used 2451K, committed 2560K, reserved 1048576K
}
Event: 1.320 GC heap before
{Heap before GC invocations=4 (full 0):
 garbage-first heap   total 68608K, used 50093K [0x0000000080000000, 0x0000000100000000)
  region size 1024K, 40 young (40960K), 9 survivors (9216K)
 Metaspace       used 26396K, committed 26944K, reserved 1114112K
  class space    used 3268K, committed 3520K, reserved 1048576K
}
Event: 1.325 GC heap after
{Heap after GC invocations=5 (full 0):
 garbage-first heap   total 68608K, used 21066K [0x0000000080000000, 0x0000000100000000)
  region size 1024K, 3 young (3072K), 3 survivors (3072K)
 Metaspace       used 26396K, committed 26944K, reserved 1114112K
  class space    used 3268K, committed 3520K, reserved 1048576K
}
Event: 1.638 GC heap before
{Heap before GC invocations=5 (full 0):
 garbage-first heap   total 68608K, used 51786K [0x0000000080000000, 0x0000000100000000)
  region size 1024K, 33 young (33792K), 3 survivors (3072K)
 Metaspace       used 30840K, committed 31552K, reserved 1114112K
  class space    used 4055K, committed 4416K, reserved 1048576K
}
Event: 1.641 GC heap after
{Heap after GC invocations=6 (full 0):
 garbage-first heap   total 68608K, used 23295K [0x0000000080000000, 0x0000000100000000)
  region size 1024K, 4 young (4096K), 4 survivors (4096K)
 Metaspace       used 30840K, committed 31552K, reserved 1114112K
  class space    used 4055K, committed 4416K, reserved 1048576K
}
Event: 2.561 GC heap before
{Heap before GC invocations=6 (full 0):
 garbage-first heap   total 68608K, used 45823K [0x0000000080000000, 0x0000000100000000)
  region size 1024K, 17 young (17408K), 4 survivors (4096K)
 Metaspace       used 32364K, committed 33152K, reserved 1114112K
  class space    used 4305K, committed 4672K, reserved 1048576K
}
Event: 2.565 GC heap after
{Heap after GC invocations=7 (full 0):
 garbage-first heap   total 68608K, used 37773K [0x0000000080000000, 0x0000000100000000)
  region size 1024K, 5 young (5120K), 5 survivors (5120K)
 Metaspace       used 32364K, committed 33152K, reserved 1114112K
  class space    used 4305K, committed 4672K, reserved 1048576K
}
Event: 2.777 GC heap before
{Heap before GC invocations=8 (full 0):
 garbage-first heap   total 68608K, used 59277K [0x0000000080000000, 0x0000000100000000)
  region size 1024K, 25 young (25600K), 5 survivors (5120K)
 Metaspace       used 34964K, committed 35776K, reserved 1114112K
  class space    used 4730K, committed 5120K, reserved 1048576K
}
Event: 2.780 GC heap after
{Heap after GC invocations=9 (full 0):
 garbage-first heap   total 82944K, used 40702K [0x0000000080000000, 0x0000000100000000)
  region size 1024K, 2 young (2048K), 2 survivors (2048K)
 Metaspace       used 34964K, committed 35776K, reserved 1114112K
  class space    used 4730K, committed 5120K, reserved 1048576K
}
Event: 3.008 GC heap before
{Heap before GC invocations=9 (full 0):
 garbage-first heap   total 82944K, used 68350K [0x0000000080000000, 0x0000000100000000)
  region size 1024K, 29 young (29696K), 2 survivors (2048K)
 Metaspace       used 38499K, committed 39552K, reserved 1114112K
  class space    used 5326K, committed 5824K, reserved 1048576K
}
Event: 3.010 GC heap after
{Heap after GC invocations=10 (full 0):
 garbage-first heap   total 82944K, used 41680K [0x0000000080000000, 0x0000000100000000)
  region size 1024K, 3 young (3072K), 3 survivors (3072K)
 Metaspace       used 38499K, committed 39552K, reserved 1114112K
  class space    used 5326K, committed 5824K, reserved 1048576K
}
Event: 3.198 GC heap before
{Heap before GC invocations=10 (full 0):
 garbage-first heap   total 82944K, used 70352K [0x0000000080000000, 0x0000000100000000)
  region size 1024K, 32 young (32768K), 3 survivors (3072K)
 Metaspace       used 42052K, committed 43200K, reserved 1114112K
  class space    used 5696K, committed 6272K, reserved 1048576K
}
Event: 3.201 GC heap after
{Heap after GC invocations=11 (full 0):
 garbage-first heap   total 82944K, used 44752K [0x0000000080000000, 0x0000000100000000)
  region size 1024K, 4 young (4096K), 4 survivors (4096K)
 Metaspace       used 42052K, committed 43200K, reserved 1114112K
  class space    used 5696K, committed 6272K, reserved 1048576K
}
Event: 3.418 GC heap before
{Heap before GC invocations=12 (full 0):
 garbage-first heap   total 82944K, used 72400K [0x0000000080000000, 0x0000000100000000)
  region size 1024K, 31 young (31744K), 4 survivors (4096K)
 Metaspace       used 44804K, committed 45952K, reserved 1114112K
  class space    used 6146K, committed 6720K, reserved 1048576K
}
Event: 3.421 GC heap after
{Heap after GC invocations=13 (full 0):
 garbage-first heap   total 82944K, used 45696K [0x0000000080000000, 0x0000000100000000)
  region size 1024K, 4 young (4096K), 4 survivors (4096K)
 Metaspace       used 44804K, committed 45952K, reserved 1114112K
  class space    used 6146K, committed 6720K, reserved 1048576K
}

